<?xml version="1.0" encoding="utf-8"?><testsuites><testsuite name="pytest" errors="0" failures="0" skipped="0" tests="1" time="0.078" timestamp="2021-06-04T09:25:35.889815" hostname="CA3044647W1"><testcase classname="test_example" name="test_sub" time="0.002" /></testsuite></testsuites>