<?xml version="1.0" encoding="utf-8"?><testsuites><testsuite name="pytest" errors="0" failures="0" skipped="0" tests="2" time="0.091" timestamp="2021-06-04T09:50:14.631277" hostname="CA3044647W1"><testcase classname="test_example" name="test_sub" time="0.001" /><testcase classname="test_example" name="test_mul" time="0.001" /></testsuite></testsuites>